# JRE version: OpenJDK Runtime Environment (21.0.7+6) (build 21.0.7+6-Ubuntu-0ubuntu124.04)
# Java VM: OpenJDK 64-Bit Server VM (21.0.7+6-Ubuntu-0ubuntu124.04, mixed mode, sharing, tiered, compressed oops, compressed class ptrs, g1 gc, linux-amd64)
Heap:
 garbage-first heap   total 126976K, used 73076K [0x0000000087400000, 0x0000000100000000)
  region size 1024K, 33 young (33792K), 1 survivors (1024K)
 Metaspace       used 10921K, committed 11136K, reserved 1114112K
  class space    used 931K, committed 1024K, reserved 1048576K
GC Heap History (20 events):
Event: 106.725 GC heap before
{Heap before GC invocations=262 (full 0):
 garbage-first heap   total 126976K, used 113939K [0x0000000087400000, 0x0000000100000000)
  region size 1024K, 73 young (74752K), 1 survivors (1024K)
 Metaspace       used 10917K, committed 11136K, reserved 1114112K
  class space    used 931K, committed 1024K, reserved 1048576K
}
Event: 106.726 GC heap after
{Heap after GC invocations=263 (full 0):
 garbage-first heap   total 126976K, used 40212K [0x0000000087400000, 0x0000000100000000)
  region size 1024K, 1 young (1024K), 1 survivors (1024K)
 Metaspace       used 10917K, committed 11136K, reserved 1114112K
  class space    used 931K, committed 1024K, reserved 1048576K
}
Event: 107.147 GC heap before
{Heap before GC invocations=263 (full 0):
 garbage-first heap   total 126976K, used 113940K [0x0000000087400000, 0x0000000100000000)
  region size 1024K, 73 young (74752K), 1 survivors (1024K)
 Metaspace       used 10917K, committed 11136K, reserved 1114112K
  class space    used 931K, committed 1024K, reserved 1048576K
}
Event: 107.149 GC heap after
{Heap after GC invocations=264 (full 0):
 garbage-first heap   total 126976K, used 40216K [0x0000000087400000, 0x0000000100000000)
  region size 1024K, 1 young (1024K), 1 survivors (1024K)
 Metaspace       used 10917K, committed 11136K, reserved 1114112K
  class space    used 931K, committed 1024K, reserved 1048576K
}
Event: 107.571 GC heap before
{Heap before GC invocations=264 (full 0):
 garbage-first heap   total 126976K, used 113944K [0x0000000087400000, 0x0000000100000000)
  region size 1024K, 73 young (74752K), 1 survivors (1024K)
 Metaspace       used 10917K, committed 11136K, reserved 1114112K
  class space    used 931K, committed 1024K, reserved 1048576K
}
Event: 107.572 GC heap after
{Heap after GC invocations=265 (full 0):
 garbage-first heap   total 126976K, used 40220K [0x0000000087400000, 0x0000000100000000)
  region size 1024K, 1 young (1024K), 1 survivors (1024K)
 Metaspace       used 10917K, committed 11136K, reserved 1114112K
  class space    used 931K, committed 1024K, reserved 1048576K
}
Event: 107.981 GC heap before
{Heap before GC invocations=265 (full 0):
 garbage-first heap   total 126976K, used 113948K [0x0000000087400000, 0x0000000100000000)
  region size 1024K, 73 young (74752K), 1 survivors (1024K)
 Metaspace       used 10917K, committed 11136K, reserved 1114112K
  class space    used 931K, committed 1024K, reserved 1048576K
}
Event: 107.981 GC heap after
{Heap after GC invocations=266 (full 0):
 garbage-first heap   total 126976K, used 40226K [0x0000000087400000, 0x0000000100000000)
  region size 1024K, 1 young (1024K), 1 survivors (1024K)
 Metaspace       used 10917K, committed 11136K, reserved 1114112K
  class space    used 931K, committed 1024K, reserved 1048576K
}
Event: 108.399 GC heap before
{Heap before GC invocations=266 (full 0):
 garbage-first heap   total 126976K, used 113954K [0x0000000087400000, 0x0000000100000000)
  region size 1024K, 73 young (74752K), 1 survivors (1024K)
 Metaspace       used 10917K, committed 11136K, reserved 1114112K
  class space    used 931K, committed 1024K, reserved 1048576K
}
Event: 108.399 GC heap after
{Heap after GC invocations=267 (full 0):
 garbage-first heap   total 126976K, used 40290K [0x0000000087400000, 0x0000000100000000)
  region size 1024K, 1 young (1024K), 1 survivors (1024K)
 Metaspace       used 10917K, committed 11136K, reserved 1114112K
  class space    used 931K, committed 1024K, reserved 1048576K
}
Event: 108.787 GC heap before
{Heap before GC invocations=267 (full 0):
 garbage-first heap   total 126976K, used 114018K [0x0000000087400000, 0x0000000100000000)
  region size 1024K, 73 young (74752K), 1 survivors (1024K)
 Metaspace       used 10917K, committed 11136K, reserved 1114112K
  class space    used 931K, committed 1024K, reserved 1048576K
}
Event: 108.788 GC heap after
{Heap after GC invocations=268 (full 0):
 garbage-first heap   total 126976K, used 40358K [0x0000000087400000, 0x0000000100000000)
  region size 1024K, 1 young (1024K), 1 survivors (1024K)
 Metaspace       used 10917K, committed 11136K, reserved 1114112K
  class space    used 931K, committed 1024K, reserved 1048576K
}
Event: 109.181 GC heap before
{Heap before GC invocations=268 (full 0):
 garbage-first heap   total 126976K, used 114086K [0x0000000087400000, 0x0000000100000000)
  region size 1024K, 73 young (74752K), 1 survivors (1024K)
 Metaspace       used 10920K, committed 11136K, reserved 1114112K
  class space    used 931K, committed 1024K, reserved 1048576K
}
Event: 109.182 GC heap after
{Heap after GC invocations=269 (full 0):
 garbage-first heap   total 126976K, used 40356K [0x0000000087400000, 0x0000000100000000)
  region size 1024K, 1 young (1024K), 1 survivors (1024K)
 Metaspace       used 10920K, committed 11136K, reserved 1114112K
  class space    used 931K, committed 1024K, reserved 1048576K
}
Event: 109.569 GC heap before
{Heap before GC invocations=269 (full 0):
 garbage-first heap   total 126976K, used 114084K [0x0000000087400000, 0x0000000100000000)
  region size 1024K, 73 young (74752K), 1 survivors (1024K)
 Metaspace       used 10921K, committed 11136K, reserved 1114112K
  class space    used 931K, committed 1024K, reserved 1048576K
}
Event: 109.570 GC heap after
{Heap after GC invocations=270 (full 0):
 garbage-first heap   total 126976K, used 40333K [0x0000000087400000, 0x0000000100000000)
  region size 1024K, 1 young (1024K), 1 survivors (1024K)
 Metaspace       used 10921K, committed 11136K, reserved 1114112K
  class space    used 931K, committed 1024K, reserved 1048576K
}
Event: 109.958 GC heap before
{Heap before GC invocations=270 (full 0):
 garbage-first heap   total 126976K, used 114061K [0x0000000087400000, 0x0000000100000000)
  region size 1024K, 73 young (74752K), 1 survivors (1024K)
 Metaspace       used 10921K, committed 11136K, reserved 1114112K
  class space    used 931K, committed 1024K, reserved 1048576K
}
Event: 109.959 GC heap after
{Heap after GC invocations=271 (full 0):
 garbage-first heap   total 126976K, used 40293K [0x0000000087400000, 0x0000000100000000)
  region size 1024K, 1 young (1024K), 1 survivors (1024K)
 Metaspace       used 10921K, committed 11136K, reserved 1114112K
  class space    used 931K, committed 1024K, reserved 1048576K
}
Event: 110.347 GC heap before
{Heap before GC invocations=271 (full 0):
 garbage-first heap   total 126976K, used 114021K [0x0000000087400000, 0x0000000100000000)
  region size 1024K, 73 young (74752K), 1 survivors (1024K)
 Metaspace       used 10921K, committed 11136K, reserved 1114112K
  class space    used 931K, committed 1024K, reserved 1048576K
}
Event: 110.349 GC heap after
{Heap after GC invocations=272 (full 0):
 garbage-first heap   total 126976K, used 40308K [0x0000000087400000, 0x0000000100000000)
  region size 1024K, 1 young (1024K), 1 survivors (1024K)
 Metaspace       used 10921K, committed 11136K, reserved 1114112K
  class space    used 931K, committed 1024K, reserved 1048576K
}

