# JRE version: OpenJDK Runtime Environment (21.0.7+6) (build 21.0.7+6-Ubuntu-0ubuntu124.04)
# Java VM: OpenJDK 64-Bit Server VM (21.0.7+6-Ubuntu-0ubuntu124.04, mixed mode, sharing, tiered, compressed oops, compressed class ptrs, g1 gc, linux-amd64)
Heap:
 garbage-first heap   total 126976K, used 84306K [0x0000000087400000, 0x0000000100000000)
  region size 1024K, 45 young (46080K), 1 survivors (1024K)
 Metaspace       used 10737K, committed 11008K, reserved 1114112K
  class space    used 929K, committed 1024K, reserved 1048576K
GC Heap History (20 events):
Event: 29.409 GC heap before
{Heap before GC invocations=75 (full 0):
 garbage-first heap   total 126976K, used 113303K [0x0000000087400000, 0x0000000100000000)
  region size 1024K, 73 young (74752K), 1 survivors (1024K)
 Metaspace       used 10609K, committed 10816K, reserved 1114112K
  class space    used 925K, committed 1024K, reserved 1048576K
}
Event: 29.410 GC heap after
{Heap after GC invocations=76 (full 0):
 garbage-first heap   total 126976K, used 39616K [0x0000000087400000, 0x0000000100000000)
  region size 1024K, 1 young (1024K), 1 survivors (1024K)
 Metaspace       used 10609K, committed 10816K, reserved 1114112K
  class space    used 925K, committed 1024K, reserved 1048576K
}
Event: 29.783 GC heap before
{Heap before GC invocations=76 (full 0):
 garbage-first heap   total 126976K, used 113344K [0x0000000087400000, 0x0000000100000000)
  region size 1024K, 73 young (74752K), 1 survivors (1024K)
 Metaspace       used 10609K, committed 10816K, reserved 1114112K
  class space    used 925K, committed 1024K, reserved 1048576K
}
Event: 29.784 GC heap after
{Heap after GC invocations=77 (full 0):
 garbage-first heap   total 126976K, used 39620K [0x0000000087400000, 0x0000000100000000)
  region size 1024K, 1 young (1024K), 1 survivors (1024K)
 Metaspace       used 10609K, committed 10816K, reserved 1114112K
  class space    used 925K, committed 1024K, reserved 1048576K
}
Event: 30.156 GC heap before
{Heap before GC invocations=77 (full 0):
 garbage-first heap   total 126976K, used 113348K [0x0000000087400000, 0x0000000100000000)
  region size 1024K, 73 young (74752K), 1 survivors (1024K)
 Metaspace       used 10651K, committed 10880K, reserved 1114112K
  class space    used 925K, committed 1024K, reserved 1048576K
}
Event: 30.156 GC heap after
{Heap after GC invocations=78 (full 0):
 garbage-first heap   total 126976K, used 39652K [0x0000000087400000, 0x0000000100000000)
  region size 1024K, 1 young (1024K), 1 survivors (1024K)
 Metaspace       used 10651K, committed 10880K, reserved 1114112K
  class space    used 925K, committed 1024K, reserved 1048576K
}
Event: 30.539 GC heap before
{Heap before GC invocations=78 (full 0):
 garbage-first heap   total 126976K, used 113380K [0x0000000087400000, 0x0000000100000000)
  region size 1024K, 73 young (74752K), 1 survivors (1024K)
 Metaspace       used 10652K, committed 10880K, reserved 1114112K
  class space    used 925K, committed 1024K, reserved 1048576K
}
Event: 30.540 GC heap after
{Heap after GC invocations=79 (full 0):
 garbage-first heap   total 126976K, used 39609K [0x0000000087400000, 0x0000000100000000)
  region size 1024K, 1 young (1024K), 1 survivors (1024K)
 Metaspace       used 10652K, committed 10880K, reserved 1114112K
  class space    used 925K, committed 1024K, reserved 1048576K
}
Event: 30.899 GC heap before
{Heap before GC invocations=79 (full 0):
 garbage-first heap   total 126976K, used 113337K [0x0000000087400000, 0x0000000100000000)
  region size 1024K, 73 young (74752K), 1 survivors (1024K)
 Metaspace       used 10675K, committed 10880K, reserved 1114112K
  class space    used 925K, committed 1024K, reserved 1048576K
}
Event: 30.899 GC heap after
{Heap after GC invocations=80 (full 0):
 garbage-first heap   total 126976K, used 39648K [0x0000000087400000, 0x0000000100000000)
  region size 1024K, 1 young (1024K), 1 survivors (1024K)
 Metaspace       used 10675K, committed 10880K, reserved 1114112K
  class space    used 925K, committed 1024K, reserved 1048576K
}
Event: 31.240 GC heap before
{Heap before GC invocations=80 (full 0):
 garbage-first heap   total 126976K, used 113376K [0x0000000087400000, 0x0000000100000000)
  region size 1024K, 73 young (74752K), 1 survivors (1024K)
 Metaspace       used 10684K, committed 10880K, reserved 1114112K
  class space    used 925K, committed 1024K, reserved 1048576K
}
Event: 31.240 GC heap after
{Heap after GC invocations=81 (full 0):
 garbage-first heap   total 126976K, used 39704K [0x0000000087400000, 0x0000000100000000)
  region size 1024K, 1 young (1024K), 1 survivors (1024K)
 Metaspace       used 10684K, committed 10880K, reserved 1114112K
  class space    used 925K, committed 1024K, reserved 1048576K
}
Event: 31.600 GC heap before
{Heap before GC invocations=81 (full 0):
 garbage-first heap   total 126976K, used 113432K [0x0000000087400000, 0x0000000100000000)
  region size 1024K, 73 young (74752K), 1 survivors (1024K)
 Metaspace       used 10690K, committed 10880K, reserved 1114112K
  class space    used 925K, committed 1024K, reserved 1048576K
}
Event: 31.601 GC heap after
{Heap after GC invocations=82 (full 0):
 garbage-first heap   total 126976K, used 39693K [0x0000000087400000, 0x0000000100000000)
  region size 1024K, 1 young (1024K), 1 survivors (1024K)
 Metaspace       used 10690K, committed 10880K, reserved 1114112K
  class space    used 925K, committed 1024K, reserved 1048576K
}
Event: 31.971 GC heap before
{Heap before GC invocations=82 (full 0):
 garbage-first heap   total 126976K, used 113421K [0x0000000087400000, 0x0000000100000000)
  region size 1024K, 73 young (74752K), 1 survivors (1024K)
 Metaspace       used 10733K, committed 11008K, reserved 1114112K
  class space    used 929K, committed 1024K, reserved 1048576K
}
Event: 31.972 GC heap after
{Heap after GC invocations=83 (full 0):
 garbage-first heap   total 126976K, used 39736K [0x0000000087400000, 0x0000000100000000)
  region size 1024K, 1 young (1024K), 1 survivors (1024K)
 Metaspace       used 10733K, committed 11008K, reserved 1114112K
  class space    used 929K, committed 1024K, reserved 1048576K
}
Event: 32.317 GC heap before
{Heap before GC invocations=83 (full 0):
 garbage-first heap   total 126976K, used 113464K [0x0000000087400000, 0x0000000100000000)
  region size 1024K, 73 young (74752K), 1 survivors (1024K)
 Metaspace       used 10735K, committed 11008K, reserved 1114112K
  class space    used 929K, committed 1024K, reserved 1048576K
}
Event: 32.319 GC heap after
{Heap after GC invocations=84 (full 0):
 garbage-first heap   total 126976K, used 39806K [0x0000000087400000, 0x0000000100000000)
  region size 1024K, 1 young (1024K), 1 survivors (1024K)
 Metaspace       used 10735K, committed 11008K, reserved 1114112K
  class space    used 929K, committed 1024K, reserved 1048576K
}
Event: 32.717 GC heap before
{Heap before GC invocations=84 (full 0):
 garbage-first heap   total 126976K, used 113534K [0x0000000087400000, 0x0000000100000000)
  region size 1024K, 73 young (74752K), 1 survivors (1024K)
 Metaspace       used 10736K, committed 11008K, reserved 1114112K
  class space    used 929K, committed 1024K, reserved 1048576K
}
Event: 32.718 GC heap after
{Heap after GC invocations=85 (full 0):
 garbage-first heap   total 126976K, used 39762K [0x0000000087400000, 0x0000000100000000)
  region size 1024K, 1 young (1024K), 1 survivors (1024K)
 Metaspace       used 10736K, committed 11008K, reserved 1114112K
  class space    used 929K, committed 1024K, reserved 1048576K
}

