# JRE version: OpenJDK Runtime Environment (21.0.7+6) (build 21.0.7+6-Ubuntu-0ubuntu124.04)
# Java VM: OpenJDK 64-Bit Server VM (21.0.7+6-Ubuntu-0ubuntu124.04, mixed mode, sharing, tiered, compressed oops, compressed class ptrs, g1 gc, linux-amd64)
Heap:
 garbage-first heap   total 126976K, used 65615K [0x0000000087400000, 0x0000000100000000)
  region size 1024K, 25 young (25600K), 1 survivors (1024K)
 Metaspace       used 10928K, committed 11200K, reserved 1114112K
  class space    used 936K, committed 1024K, reserved 1048576K
GC Heap History (20 events):
Event: 97.834 GC heap before
{Heap before GC invocations=252 (full 0):
 garbage-first heap   total 126976K, used 114698K [0x0000000087400000, 0x0000000100000000)
  region size 1024K, 73 young (74752K), 1 survivors (1024K)
 Metaspace       used 10928K, committed 11200K, reserved 1114112K
  class space    used 936K, committed 1024K, reserved 1048576K
}
Event: 97.834 GC heap after
{Heap after GC invocations=253 (full 0):
 garbage-first heap   total 126976K, used 40987K [0x0000000087400000, 0x0000000100000000)
  region size 1024K, 1 young (1024K), 1 survivors (1024K)
 Metaspace       used 10928K, committed 11200K, reserved 1114112K
  class space    used 936K, committed 1024K, reserved 1048576K
}
Event: 98.208 GC heap before
{Heap before GC invocations=253 (full 0):
 garbage-first heap   total 126976K, used 114715K [0x0000000087400000, 0x0000000100000000)
  region size 1024K, 73 young (74752K), 1 survivors (1024K)
 Metaspace       used 10928K, committed 11200K, reserved 1114112K
  class space    used 936K, committed 1024K, reserved 1048576K
}
Event: 98.208 GC heap after
{Heap after GC invocations=254 (full 0):
 garbage-first heap   total 126976K, used 41027K [0x0000000087400000, 0x0000000100000000)
  region size 1024K, 1 young (1024K), 1 survivors (1024K)
 Metaspace       used 10928K, committed 11200K, reserved 1114112K
  class space    used 936K, committed 1024K, reserved 1048576K
}
Event: 98.596 GC heap before
{Heap before GC invocations=254 (full 0):
 garbage-first heap   total 126976K, used 114755K [0x0000000087400000, 0x0000000100000000)
  region size 1024K, 73 young (74752K), 1 survivors (1024K)
 Metaspace       used 10928K, committed 11200K, reserved 1114112K
  class space    used 936K, committed 1024K, reserved 1048576K
}
Event: 98.597 GC heap after
{Heap after GC invocations=255 (full 0):
 garbage-first heap   total 126976K, used 41046K [0x0000000087400000, 0x0000000100000000)
  region size 1024K, 1 young (1024K), 1 survivors (1024K)
 Metaspace       used 10928K, committed 11200K, reserved 1114112K
  class space    used 936K, committed 1024K, reserved 1048576K
}
Event: 98.986 GC heap before
{Heap before GC invocations=255 (full 0):
 garbage-first heap   total 126976K, used 114774K [0x0000000087400000, 0x0000000100000000)
  region size 1024K, 73 young (74752K), 1 survivors (1024K)
 Metaspace       used 10928K, committed 11200K, reserved 1114112K
  class space    used 936K, committed 1024K, reserved 1048576K
}
Event: 98.986 GC heap after
{Heap after GC invocations=256 (full 0):
 garbage-first heap   total 126976K, used 41005K [0x0000000087400000, 0x0000000100000000)
  region size 1024K, 1 young (1024K), 1 survivors (1024K)
 Metaspace       used 10928K, committed 11200K, reserved 1114112K
  class space    used 936K, committed 1024K, reserved 1048576K
}
Event: 99.387 GC heap before
{Heap before GC invocations=256 (full 0):
 garbage-first heap   total 126976K, used 114733K [0x0000000087400000, 0x0000000100000000)
  region size 1024K, 73 young (74752K), 1 survivors (1024K)
 Metaspace       used 10928K, committed 11200K, reserved 1114112K
  class space    used 936K, committed 1024K, reserved 1048576K
}
Event: 99.390 GC heap after
{Heap after GC invocations=257 (full 0):
 garbage-first heap   total 126976K, used 41005K [0x0000000087400000, 0x0000000100000000)
  region size 1024K, 1 young (1024K), 1 survivors (1024K)
 Metaspace       used 10928K, committed 11200K, reserved 1114112K
  class space    used 936K, committed 1024K, reserved 1048576K
}
Event: 99.767 GC heap before
{Heap before GC invocations=257 (full 0):
 garbage-first heap   total 126976K, used 114733K [0x0000000087400000, 0x0000000100000000)
  region size 1024K, 73 young (74752K), 1 survivors (1024K)
 Metaspace       used 10928K, committed 11200K, reserved 1114112K
  class space    used 936K, committed 1024K, reserved 1048576K
}
Event: 99.768 GC heap after
{Heap after GC invocations=258 (full 0):
 garbage-first heap   total 126976K, used 41017K [0x0000000087400000, 0x0000000100000000)
  region size 1024K, 1 young (1024K), 1 survivors (1024K)
 Metaspace       used 10928K, committed 11200K, reserved 1114112K
  class space    used 936K, committed 1024K, reserved 1048576K
}
Event: 100.166 GC heap before
{Heap before GC invocations=258 (full 0):
 garbage-first heap   total 126976K, used 114745K [0x0000000087400000, 0x0000000100000000)
  region size 1024K, 73 young (74752K), 1 survivors (1024K)
 Metaspace       used 10928K, committed 11200K, reserved 1114112K
  class space    used 936K, committed 1024K, reserved 1048576K
}
Event: 100.169 GC heap after
{Heap after GC invocations=259 (full 0):
 garbage-first heap   total 126976K, used 41006K [0x0000000087400000, 0x0000000100000000)
  region size 1024K, 1 young (1024K), 1 survivors (1024K)
 Metaspace       used 10928K, committed 11200K, reserved 1114112K
  class space    used 936K, committed 1024K, reserved 1048576K
}
Event: 100.541 GC heap before
{Heap before GC invocations=259 (full 0):
 garbage-first heap   total 126976K, used 114734K [0x0000000087400000, 0x0000000100000000)
  region size 1024K, 73 young (74752K), 1 survivors (1024K)
 Metaspace       used 10928K, committed 11200K, reserved 1114112K
  class space    used 936K, committed 1024K, reserved 1048576K
}
Event: 100.542 GC heap after
{Heap after GC invocations=260 (full 0):
 garbage-first heap   total 126976K, used 41543K [0x0000000087400000, 0x0000000100000000)
  region size 1024K, 1 young (1024K), 1 survivors (1024K)
 Metaspace       used 10928K, committed 11200K, reserved 1114112K
  class space    used 936K, committed 1024K, reserved 1048576K
}
Event: 100.944 GC heap before
{Heap before GC invocations=260 (full 0):
 garbage-first heap   total 126976K, used 115271K [0x0000000087400000, 0x0000000100000000)
  region size 1024K, 73 young (74752K), 1 survivors (1024K)
 Metaspace       used 10928K, committed 11200K, reserved 1114112K
  class space    used 936K, committed 1024K, reserved 1048576K
}
Event: 100.947 GC heap after
{Heap after GC invocations=261 (full 0):
 garbage-first heap   total 126976K, used 41551K [0x0000000087400000, 0x0000000100000000)
  region size 1024K, 1 young (1024K), 1 survivors (1024K)
 Metaspace       used 10928K, committed 11200K, reserved 1114112K
  class space    used 936K, committed 1024K, reserved 1048576K
}
Event: 101.334 GC heap before
{Heap before GC invocations=261 (full 0):
 garbage-first heap   total 126976K, used 115279K [0x0000000087400000, 0x0000000100000000)
  region size 1024K, 73 young (74752K), 1 survivors (1024K)
 Metaspace       used 10928K, committed 11200K, reserved 1114112K
  class space    used 936K, committed 1024K, reserved 1048576K
}
Event: 101.335 GC heap after
{Heap after GC invocations=262 (full 0):
 garbage-first heap   total 126976K, used 41551K [0x0000000087400000, 0x0000000100000000)
  region size 1024K, 1 young (1024K), 1 survivors (1024K)
 Metaspace       used 10928K, committed 11200K, reserved 1114112K
  class space    used 936K, committed 1024K, reserved 1048576K
}

