# JRE version: OpenJDK Runtime Environment (21.0.7+6) (build 21.0.7+6-Ubuntu-0ubuntu124.04)
# Java VM: OpenJDK 64-Bit Server VM (21.0.7+6-Ubuntu-0ubuntu124.04, mixed mode, sharing, tiered, compressed oops, compressed class ptrs, g1 gc, linux-amd64)
Heap:
 garbage-first heap   total 126976K, used 85674K [0x0000000087400000, 0x0000000100000000)
  region size 1024K, 46 young (47104K), 1 survivors (1024K)
 Metaspace       used 10742K, committed 10944K, reserved 1114112K
  class space    used 929K, committed 1024K, reserved 1048576K
GC Heap History (20 events):
Event: 52.667 GC heap before
{Heap before GC invocations=63 (full 0):
 garbage-first heap   total 126976K, used 113126K [0x0000000087400000, 0x0000000100000000)
  region size 1024K, 73 young (74752K), 1 survivors (1024K)
 Metaspace       used 10620K, committed 10880K, reserved 1114112K
  class space    used 925K, committed 1024K, reserved 1048576K
}
Event: 52.668 GC heap after
{Heap after GC invocations=64 (full 0):
 garbage-first heap   total 126976K, used 39370K [0x0000000087400000, 0x0000000100000000)
  region size 1024K, 1 young (1024K), 1 survivors (1024K)
 Metaspace       used 10620K, committed 10880K, reserved 1114112K
  class space    used 925K, committed 1024K, reserved 1048576K
}
Event: 53.054 GC heap before
{Heap before GC invocations=64 (full 0):
 garbage-first heap   total 126976K, used 113098K [0x0000000087400000, 0x0000000100000000)
  region size 1024K, 73 young (74752K), 1 survivors (1024K)
 Metaspace       used 10620K, committed 10880K, reserved 1114112K
  class space    used 925K, committed 1024K, reserved 1048576K
}
Event: 53.055 GC heap after
{Heap after GC invocations=65 (full 0):
 garbage-first heap   total 126976K, used 39359K [0x0000000087400000, 0x0000000100000000)
  region size 1024K, 1 young (1024K), 1 survivors (1024K)
 Metaspace       used 10620K, committed 10880K, reserved 1114112K
  class space    used 925K, committed 1024K, reserved 1048576K
}
Event: 53.426 GC heap before
{Heap before GC invocations=65 (full 0):
 garbage-first heap   total 126976K, used 113087K [0x0000000087400000, 0x0000000100000000)
  region size 1024K, 73 young (74752K), 1 survivors (1024K)
 Metaspace       used 10622K, committed 10880K, reserved 1114112K
  class space    used 925K, committed 1024K, reserved 1048576K
}
Event: 53.427 GC heap after
{Heap after GC invocations=66 (full 0):
 garbage-first heap   total 126976K, used 39387K [0x0000000087400000, 0x0000000100000000)
  region size 1024K, 1 young (1024K), 1 survivors (1024K)
 Metaspace       used 10622K, committed 10880K, reserved 1114112K
  class space    used 925K, committed 1024K, reserved 1048576K
}
Event: 53.798 GC heap before
{Heap before GC invocations=66 (full 0):
 garbage-first heap   total 126976K, used 113115K [0x0000000087400000, 0x0000000100000000)
  region size 1024K, 73 young (74752K), 1 survivors (1024K)
 Metaspace       used 10622K, committed 10880K, reserved 1114112K
  class space    used 925K, committed 1024K, reserved 1048576K
}
Event: 53.799 GC heap after
{Heap after GC invocations=67 (full 0):
 garbage-first heap   total 126976K, used 39410K [0x0000000087400000, 0x0000000100000000)
  region size 1024K, 1 young (1024K), 1 survivors (1024K)
 Metaspace       used 10622K, committed 10880K, reserved 1114112K
  class space    used 925K, committed 1024K, reserved 1048576K
}
Event: 54.140 GC heap before
{Heap before GC invocations=67 (full 0):
 garbage-first heap   total 126976K, used 113138K [0x0000000087400000, 0x0000000100000000)
  region size 1024K, 73 young (74752K), 1 survivors (1024K)
 Metaspace       used 10631K, committed 10880K, reserved 1114112K
  class space    used 925K, committed 1024K, reserved 1048576K
}
Event: 54.140 GC heap after
{Heap after GC invocations=68 (full 0):
 garbage-first heap   total 126976K, used 39468K [0x0000000087400000, 0x0000000100000000)
  region size 1024K, 1 young (1024K), 1 survivors (1024K)
 Metaspace       used 10631K, committed 10880K, reserved 1114112K
  class space    used 925K, committed 1024K, reserved 1048576K
}
Event: 54.483 GC heap before
{Heap before GC invocations=68 (full 0):
 garbage-first heap   total 126976K, used 113196K [0x0000000087400000, 0x0000000100000000)
  region size 1024K, 73 young (74752K), 1 survivors (1024K)
 Metaspace       used 10671K, committed 10944K, reserved 1114112K
  class space    used 925K, committed 1024K, reserved 1048576K
}
Event: 54.484 GC heap after
{Heap after GC invocations=69 (full 0):
 garbage-first heap   total 126976K, used 39493K [0x0000000087400000, 0x0000000100000000)
  region size 1024K, 1 young (1024K), 1 survivors (1024K)
 Metaspace       used 10671K, committed 10944K, reserved 1114112K
  class space    used 925K, committed 1024K, reserved 1048576K
}
Event: 54.840 GC heap before
{Heap before GC invocations=69 (full 0):
 garbage-first heap   total 126976K, used 113221K [0x0000000087400000, 0x0000000100000000)
  region size 1024K, 73 young (74752K), 1 survivors (1024K)
 Metaspace       used 10673K, committed 10944K, reserved 1114112K
  class space    used 925K, committed 1024K, reserved 1048576K
}
Event: 54.841 GC heap after
{Heap after GC invocations=70 (full 0):
 garbage-first heap   total 126976K, used 39522K [0x0000000087400000, 0x0000000100000000)
  region size 1024K, 1 young (1024K), 1 survivors (1024K)
 Metaspace       used 10673K, committed 10944K, reserved 1114112K
  class space    used 925K, committed 1024K, reserved 1048576K
}
Event: 55.181 GC heap before
{Heap before GC invocations=70 (full 0):
 garbage-first heap   total 126976K, used 112226K [0x0000000087400000, 0x0000000100000000)
  region size 1024K, 73 young (74752K), 1 survivors (1024K)
 Metaspace       used 10722K, committed 10944K, reserved 1114112K
  class space    used 929K, committed 1024K, reserved 1048576K
}
Event: 55.182 GC heap after
{Heap after GC invocations=71 (full 0):
 garbage-first heap   total 126976K, used 39534K [0x0000000087400000, 0x0000000100000000)
  region size 1024K, 1 young (1024K), 1 survivors (1024K)
 Metaspace       used 10722K, committed 10944K, reserved 1114112K
  class space    used 929K, committed 1024K, reserved 1048576K
}
Event: 55.518 GC heap before
{Heap before GC invocations=71 (full 0):
 garbage-first heap   total 126976K, used 113262K [0x0000000087400000, 0x0000000100000000)
  region size 1024K, 73 young (74752K), 1 survivors (1024K)
 Metaspace       used 10735K, committed 10944K, reserved 1114112K
  class space    used 929K, committed 1024K, reserved 1048576K
}
Event: 55.519 GC heap after
{Heap after GC invocations=72 (full 0):
 garbage-first heap   total 126976K, used 39583K [0x0000000087400000, 0x0000000100000000)
  region size 1024K, 1 young (1024K), 1 survivors (1024K)
 Metaspace       used 10735K, committed 10944K, reserved 1114112K
  class space    used 929K, committed 1024K, reserved 1048576K
}
Event: 55.875 GC heap before
{Heap before GC invocations=72 (full 0):
 garbage-first heap   total 126976K, used 113311K [0x0000000087400000, 0x0000000100000000)
  region size 1024K, 73 young (74752K), 1 survivors (1024K)
 Metaspace       used 10737K, committed 10944K, reserved 1114112K
  class space    used 929K, committed 1024K, reserved 1048576K
}
Event: 55.876 GC heap after
{Heap after GC invocations=73 (full 0):
 garbage-first heap   total 126976K, used 39594K [0x0000000087400000, 0x0000000100000000)
  region size 1024K, 1 young (1024K), 1 survivors (1024K)
 Metaspace       used 10737K, committed 10944K, reserved 1114112K
  class space    used 929K, committed 1024K, reserved 1048576K
}

