# JRE version: OpenJDK Runtime Environment (21.0.7+6) (build 21.0.7+6-Ubuntu-0ubuntu124.04)
# Java VM: OpenJDK 64-Bit Server VM (21.0.7+6-Ubuntu-0ubuntu124.04, mixed mode, sharing, tiered, compressed oops, compressed class ptrs, g1 gc, linux-amd64)
Heap:
 garbage-first heap   total 126976K, used 96027K [0x0000000087400000, 0x0000000100000000)
  region size 1024K, 56 young (57344K), 1 survivors (1024K)
 Metaspace       used 10725K, committed 11008K, reserved 1114112K
  class space    used 929K, committed 1024K, reserved 1048576K
GC Heap History (20 events):
Event: 28.362 GC heap before
{Heap before GC invocations=61 (full 0):
 garbage-first heap   total 126976K, used 113191K [0x0000000087400000, 0x0000000100000000)
  region size 1024K, 73 young (74752K), 1 survivors (1024K)
 Metaspace       used 10502K, committed 10688K, reserved 1114112K
  class space    used 924K, committed 1024K, reserved 1048576K
}
Event: 28.363 GC heap after
{Heap after GC invocations=62 (full 0):
 garbage-first heap   total 126976K, used 39497K [0x0000000087400000, 0x0000000100000000)
  region size 1024K, 1 young (1024K), 1 survivors (1024K)
 Metaspace       used 10502K, committed 10688K, reserved 1114112K
  class space    used 924K, committed 1024K, reserved 1048576K
}
Event: 28.830 GC heap before
{Heap before GC invocations=62 (full 0):
 garbage-first heap   total 126976K, used 113225K [0x0000000087400000, 0x0000000100000000)
  region size 1024K, 73 young (74752K), 1 survivors (1024K)
 Metaspace       used 10502K, committed 10688K, reserved 1114112K
  class space    used 924K, committed 1024K, reserved 1048576K
}
Event: 28.831 GC heap after
{Heap after GC invocations=63 (full 0):
 garbage-first heap   total 126976K, used 39477K [0x0000000087400000, 0x0000000100000000)
  region size 1024K, 1 young (1024K), 1 survivors (1024K)
 Metaspace       used 10502K, committed 10688K, reserved 1114112K
  class space    used 924K, committed 1024K, reserved 1048576K
}
Event: 29.283 GC heap before
{Heap before GC invocations=63 (full 0):
 garbage-first heap   total 126976K, used 113205K [0x0000000087400000, 0x0000000100000000)
  region size 1024K, 73 young (74752K), 1 survivors (1024K)
 Metaspace       used 10503K, committed 10688K, reserved 1114112K
  class space    used 924K, committed 1024K, reserved 1048576K
}
Event: 29.283 GC heap after
{Heap after GC invocations=64 (full 0):
 garbage-first heap   total 126976K, used 39476K [0x0000000087400000, 0x0000000100000000)
  region size 1024K, 1 young (1024K), 1 survivors (1024K)
 Metaspace       used 10503K, committed 10688K, reserved 1114112K
  class space    used 924K, committed 1024K, reserved 1048576K
}
Event: 29.674 GC heap before
{Heap before GC invocations=64 (full 0):
 garbage-first heap   total 126976K, used 113204K [0x0000000087400000, 0x0000000100000000)
  region size 1024K, 73 young (74752K), 1 survivors (1024K)
 Metaspace       used 10519K, committed 10752K, reserved 1114112K
  class space    used 924K, committed 1024K, reserved 1048576K
}
Event: 29.675 GC heap after
{Heap after GC invocations=65 (full 0):
 garbage-first heap   total 126976K, used 39625K [0x0000000087400000, 0x0000000100000000)
  region size 1024K, 1 young (1024K), 1 survivors (1024K)
 Metaspace       used 10519K, committed 10752K, reserved 1114112K
  class space    used 924K, committed 1024K, reserved 1048576K
}
Event: 30.132 GC heap before
{Heap before GC invocations=65 (full 0):
 garbage-first heap   total 126976K, used 113353K [0x0000000087400000, 0x0000000100000000)
  region size 1024K, 73 young (74752K), 1 survivors (1024K)
 Metaspace       used 10532K, committed 10752K, reserved 1114112K
  class space    used 924K, committed 1024K, reserved 1048576K
}
Event: 30.133 GC heap after
{Heap after GC invocations=66 (full 0):
 garbage-first heap   total 126976K, used 40517K [0x0000000087400000, 0x0000000100000000)
  region size 1024K, 2 young (2048K), 2 survivors (2048K)
 Metaspace       used 10532K, committed 10752K, reserved 1114112K
  class space    used 924K, committed 1024K, reserved 1048576K
}
Event: 30.586 GC heap before
{Heap before GC invocations=66 (full 0):
 garbage-first heap   total 126976K, used 113221K [0x0000000087400000, 0x0000000100000000)
  region size 1024K, 73 young (74752K), 2 survivors (2048K)
 Metaspace       used 10537K, committed 10752K, reserved 1114112K
  class space    used 924K, committed 1024K, reserved 1048576K
}
Event: 30.588 GC heap after
{Heap after GC invocations=67 (full 0):
 garbage-first heap   total 126976K, used 40261K [0x0000000087400000, 0x0000000100000000)
  region size 1024K, 1 young (1024K), 1 survivors (1024K)
 Metaspace       used 10537K, committed 10752K, reserved 1114112K
  class space    used 924K, committed 1024K, reserved 1048576K
}
Event: 31.038 GC heap before
{Heap before GC invocations=67 (full 0):
 garbage-first heap   total 126976K, used 113989K [0x0000000087400000, 0x0000000100000000)
  region size 1024K, 73 young (74752K), 1 survivors (1024K)
 Metaspace       used 10550K, committed 10752K, reserved 1114112K
  class space    used 924K, committed 1024K, reserved 1048576K
}
Event: 31.040 GC heap after
{Heap after GC invocations=68 (full 0):
 garbage-first heap   total 126976K, used 39878K [0x0000000087400000, 0x0000000100000000)
  region size 1024K, 1 young (1024K), 1 survivors (1024K)
 Metaspace       used 10550K, committed 10752K, reserved 1114112K
  class space    used 924K, committed 1024K, reserved 1048576K
}
Event: 31.416 GC heap before
{Heap before GC invocations=68 (full 0):
 garbage-first heap   total 126976K, used 113606K [0x0000000087400000, 0x0000000100000000)
  region size 1024K, 73 young (74752K), 1 survivors (1024K)
 Metaspace       used 10589K, committed 10816K, reserved 1114112K
  class space    used 924K, committed 1024K, reserved 1048576K
}
Event: 31.417 GC heap after
{Heap after GC invocations=69 (full 0):
 garbage-first heap   total 126976K, used 40063K [0x0000000087400000, 0x0000000100000000)
  region size 1024K, 1 young (1024K), 1 survivors (1024K)
 Metaspace       used 10589K, committed 10816K, reserved 1114112K
  class space    used 924K, committed 1024K, reserved 1048576K
}
Event: 31.852 GC heap before
{Heap before GC invocations=69 (full 0):
 garbage-first heap   total 126976K, used 113791K [0x0000000087400000, 0x0000000100000000)
  region size 1024K, 73 young (74752K), 1 survivors (1024K)
 Metaspace       used 10623K, committed 10816K, reserved 1114112K
  class space    used 924K, committed 1024K, reserved 1048576K
}
Event: 31.853 GC heap after
{Heap after GC invocations=70 (full 0):
 garbage-first heap   total 126976K, used 40050K [0x0000000087400000, 0x0000000100000000)
  region size 1024K, 1 young (1024K), 1 survivors (1024K)
 Metaspace       used 10623K, committed 10816K, reserved 1114112K
  class space    used 924K, committed 1024K, reserved 1048576K
}
Event: 32.225 GC heap before
{Heap before GC invocations=70 (full 0):
 garbage-first heap   total 126976K, used 113778K [0x0000000087400000, 0x0000000100000000)
  region size 1024K, 73 young (74752K), 1 survivors (1024K)
 Metaspace       used 10703K, committed 10944K, reserved 1114112K
  class space    used 929K, committed 1024K, reserved 1048576K
}
Event: 32.227 GC heap after
{Heap after GC invocations=71 (full 0):
 garbage-first heap   total 126976K, used 40219K [0x0000000087400000, 0x0000000100000000)
  region size 1024K, 1 young (1024K), 1 survivors (1024K)
 Metaspace       used 10703K, committed 10944K, reserved 1114112K
  class space    used 929K, committed 1024K, reserved 1048576K
}

